[0m22:48:35.680652 [debug] [MainThread]: Sending event: {'category': 'dbt', 'action': 'invocation', 'label': 'start', 'context': [<snowplow_tracker.self_describing_json.SelfDescribingJson object at 0x000001E3C7687450>, <snowplow_tracker.self_describing_json.SelfDescribingJson object at 0x000001E3C7345D10>, <snowplow_tracker.self_describing_json.SelfDescribingJson object at 0x000001E3C724E190>]}


============================== 22:48:35.685651 | 8534b02d-20bc-45ec-bd41-9c5b44e14642 ==============================
[0m22:48:35.685651 [info ] [MainThread]: Running with dbt=1.6.2
[0m22:48:35.686651 [debug] [MainThread]: running dbt with arguments {'printer_width': '80', 'indirect_selection': 'eager', 'log_cache_events': 'False', 'write_json': 'True', 'partial_parse': 'True', 'cache_selected_only': 'False', 'warn_error': 'None', 'debug': 'False', 'version_check': 'True', 'log_path': 'logs', 'fail_fast': 'False', 'profiles_dir': 'C:\\Users\\Haroon\\.dbt', 'use_colors': 'True', 'use_experimental_parser': 'False', 'no_print': 'None', 'quiet': 'False', 'log_format': 'default', 'introspect': 'True', 'static_parser': 'True', 'warn_error_options': 'WarnErrorOptions(include=[], exclude=[])', 'target_path': 'None', 'invocation_command': 'dbt init dbt_finstream', 'send_anonymous_usage_stats': 'True'}
[0m22:48:35.686651 [warn ] [MainThread]: [ConfigFolderDirectory]: Unable to parse dict {'dir': WindowsPath('C:/Users/Haroon/.dbt')}
[0m22:48:35.687650 [info ] [MainThread]: Creating dbt configuration folder at 
[0m22:48:35.688651 [debug] [MainThread]: Starter project path: C:\Users\Haroon\AppData\Local\Programs\Python\Python311\Lib\site-packages\dbt\include\starter_project
[0m22:48:35.728650 [info ] [MainThread]: 
Your new dbt project "dbt_finstream" was created!

For more information on how to configure the profiles.yml file,
please consult the dbt documentation here:

  https://docs.getdbt.com/docs/configure-your-profile

One more thing:

Need help? Don't hesitate to reach out to us via GitHub issues or on Slack:

  https://community.getdbt.com/

Happy modeling!

[0m22:48:35.729651 [info ] [MainThread]: Setting up your profile.
[0m22:48:35.730650 [error] [MainThread]: Encountered an error:
Runtime Error
  No adapters available. Learn how to install an adapter by going to https://docs.getdbt.com/docs/connect-adapters#install-using-the-cli
[0m22:48:35.731651 [debug] [MainThread]: Command `dbt init` failed at 22:48:35.731651 after 0.06 seconds
[0m22:48:35.732651 [debug] [MainThread]: Sending event: {'category': 'dbt', 'action': 'invocation', 'label': 'end', 'context': [<snowplow_tracker.self_describing_json.SelfDescribingJson object at 0x000001E3C7687AD0>, <snowplow_tracker.self_describing_json.SelfDescribingJson object at 0x000001E3C7691E50>, <snowplow_tracker.self_describing_json.SelfDescribingJson object at 0x000001E3C6F51FD0>]}
[0m22:48:35.732651 [debug] [MainThread]: Flushing usage events
